<?xml version="1.0" encoding="UTF-8"?>
<!-- Generated by org.testng.reporters.JUnitReportReporter -->
<testsuite hostname="DESKTOP-4JG1F6Q" failures="0" tests="3" name="qa.myproject.com.MyTests" time="0.012" errors="0" timestamp="03 Jun 2019 23:27:57 GMT" skipped="0">
  <testcase classname="qa.myproject.com.MyTests" name="loginValid" time="0.007"/>
  <testcase classname="qa.myproject.com.MyTests" name="loginInvalid" time="0.001"/>
  <testcase classname="qa.myproject.com.MyTests" name="alerts" time="0.004"/>
</testsuite> <!-- qa.myproject.com.MyTests -->
