<?xml version="1.0" encoding="UTF-8"?>
<!-- Generated by org.testng.reporters.JUnitReportReporter -->
<testsuite hostname="DESKTOP-4JG1F6Q" failures="0" tests="2" name="testpanel.ExeTest" time="21.389" errors="0" timestamp="06 Jun 2019 10:33:01 GMT" skipped="0">
  <testcase classname="testpanel.ExeTest" name="Validlogin" time="10.933"/>
  <testcase classname="testpanel.ExeTest" name="InvalidLogin" time="10.456"/>
</testsuite> <!-- testpanel.ExeTest -->
