<?xml version="1.0" encoding="UTF-8"?>
<!-- Generated by org.testng.reporters.JUnitReportReporter -->
<testsuite hostname="DESKTOP-4JG1F6Q" failures="0" tests="1" name="skillpages.skilllogin" time="0.009" errors="0" timestamp="06 Jun 2019 01:18:35 GMT" skipped="0">
  <testcase classname="skillpages.skilllogin" name="login" time="0.009"/>
</testsuite> <!-- skillpages.skilllogin -->
